# JRE version: Java(TM) SE Runtime Environment (8.0_161-b12) (build 1.8.0_161-b12)
# Java VM: Java HotSpot(TM) 64-Bit Server VM (25.161-b12 mixed mode windows-amd64 compressed oops)
Heap:
 PSYoungGen      total 17920K, used 3553K [0x00000000d6780000, 0x00000000d8080000, 0x0000000100000000)
  eden space 14336K, 0% used [0x00000000d6780000,0x00000000d6780000,0x00000000d7580000)
  from space 3584K, 99% used [0x00000000d7c00000,0x00000000d7f785d8,0x00000000d7f80000)
  to   space 5632K, 0% used [0x00000000d7580000,0x00000000d7580000,0x00000000d7b00000)
 ParOldGen       total 9728K, used 9064K [0x0000000083600000, 0x0000000083f80000, 0x00000000d6780000)
  object space 9728K, 93% used [0x0000000083600000,0x0000000083eda1b0,0x0000000083f80000)
 Metaspace       used 7664K, capacity 8372K, committed 8704K, reserved 1056768K
  class space    used 905K, capacity 944K, committed 1024K, reserved 1048576K
GC Heap History (10 events):
Event: 0.662 GC heap after
Heap after GC invocations=7 (full 0):
 PSYoungGen      total 7168K, used 1471K [0x00000000d6780000, 0x00000000d7580000, 0x0000000100000000)
  eden space 5632K, 0% used [0x00000000d6780000,0x00000000d6780000,0x00000000d6d00000)
  from space 1536K, 95% used [0x00000000d6d00000,0x00000000d6e6ff88,0x00000000d6e80000)
  to   space 1536K, 0% used [0x00000000d7400000,0x00000000d7400000,0x00000000d7580000)
 ParOldGen       total 5632K, used 1147K [0x0000000083600000, 0x0000000083b80000, 0x00000000d6780000)
  object space 5632K, 20% used [0x0000000083600000,0x000000008371efc0,0x0000000083b80000)
 Metaspace       used 6872K, capacity 7796K, committed 8064K, reserved 1056768K
  class space    used 853K, capacity 880K, committed 896K, reserved 1048576K
}
Event: 0.828 GC heap before
{Heap before GC invocations=8 (full 0):
 PSYoungGen      total 7168K, used 7103K [0x00000000d6780000, 0x00000000d7580000, 0x0000000100000000)
  eden space 5632K, 100% used [0x00000000d6780000,0x00000000d6d00000,0x00000000d6d00000)
  from space 1536K, 95% used [0x00000000d6d00000,0x00000000d6e6ff88,0x00000000d6e80000)
  to   space 1536K, 0% used [0x00000000d7400000,0x00000000d7400000,0x00000000d7580000)
 ParOldGen       total 5632K, used 1147K [0x0000000083600000, 0x0000000083b80000, 0x00000000d6780000)
  object space 5632K, 20% used [0x0000000083600000,0x000000008371efc0,0x0000000083b80000)
 Metaspace       used 7434K, capacity 8244K, committed 8448K, reserved 1056768K
  class space    used 892K, capacity 944K, committed 1024K, reserved 1048576K
Event: 0.832 GC heap after
Heap after GC invocations=8 (full 0):
 PSYoungGen      total 12288K, used 1509K [0x00000000d6780000, 0x00000000d7680000, 0x0000000100000000)
  eden space 10752K, 0% used [0x00000000d6780000,0x00000000d6780000,0x00000000d7200000)
  from space 1536K, 98% used [0x00000000d7400000,0x00000000d7579670,0x00000000d7580000)
  to   space 2048K, 0% used [0x00000000d7200000,0x00000000d7200000,0x00000000d7400000)
 ParOldGen       total 5632K, used 1967K [0x0000000083600000, 0x0000000083b80000, 0x00000000d6780000)
  object space 5632K, 34% used [0x0000000083600000,0x00000000837ebf60,0x0000000083b80000)
 Metaspace       used 7434K, capacity 8244K, committed 8448K, reserved 1056768K
  class space    used 892K, capacity 944K, committed 1024K, reserved 1048576K
}
Event: 1.221 GC heap before
{Heap before GC invocations=9 (full 0):
 PSYoungGen      total 12288K, used 12261K [0x00000000d6780000, 0x00000000d7680000, 0x0000000100000000)
  eden space 10752K, 100% used [0x00000000d6780000,0x00000000d7200000,0x00000000d7200000)
  from space 1536K, 98% used [0x00000000d7400000,0x00000000d7579670,0x00000000d7580000)
  to   space 2048K, 0% used [0x00000000d7200000,0x00000000d7200000,0x00000000d7400000)
 ParOldGen       total 5632K, used 1967K [0x0000000083600000, 0x0000000083b80000, 0x00000000d6780000)
  object space 5632K, 34% used [0x0000000083600000,0x00000000837ebf60,0x0000000083b80000)
 Metaspace       used 7546K, capacity 8372K, committed 8704K, reserved 1056768K
  class space    used 895K, capacity 944K, committed 1024K, reserved 1048576K
Event: 1.332 GC heap after
Heap after GC invocations=9 (full 0):
 PSYoungGen      total 12800K, used 2023K [0x00000000d6780000, 0x00000000d7f80000, 0x0000000100000000)
  eden space 10752K, 0% used [0x00000000d6780000,0x00000000d6780000,0x00000000d7200000)
  from space 2048K, 98% used [0x00000000d7200000,0x00000000d73f9ea8,0x00000000d7400000)
  to   space 3584K, 0% used [0x00000000d7c00000,0x00000000d7c00000,0x00000000d7f80000)
 ParOldGen       total 5632K, used 4318K [0x0000000083600000, 0x0000000083b80000, 0x00000000d6780000)
  object space 5632K, 76% used [0x0000000083600000,0x0000000083a37870,0x0000000083b80000)
 Metaspace       used 7546K, capacity 8372K, committed 8704K, reserved 1056768K
  class space    used 895K, capacity 944K, committed 1024K, reserved 1048576K
}
Event: 1.332 GC heap before
{Heap before GC invocations=10 (full 1):
 PSYoungGen      total 12800K, used 2023K [0x00000000d6780000, 0x00000000d7f80000, 0x0000000100000000)
  eden space 10752K, 0% used [0x00000000d6780000,0x00000000d6780000,0x00000000d7200000)
  from space 2048K, 98% used [0x00000000d7200000,0x00000000d73f9ea8,0x00000000d7400000)
  to   space 3584K, 0% used [0x00000000d7c00000,0x00000000d7c00000,0x00000000d7f80000)
 ParOldGen       total 5632K, used 4318K [0x0000000083600000, 0x0000000083b80000, 0x00000000d6780000)
  object space 5632K, 76% used [0x0000000083600000,0x0000000083a37870,0x0000000083b80000)
 Metaspace       used 7546K, capacity 8372K, committed 8704K, reserved 1056768K
  class space    used 895K, capacity 944K, committed 1024K, reserved 1048576K
Event: 1.363 GC heap after
Heap after GC invocations=10 (full 1):
 PSYoungGen      total 12800K, used 487K [0x00000000d6780000, 0x00000000d7f80000, 0x0000000100000000)
  eden space 10752K, 0% used [0x00000000d6780000,0x00000000d6780000,0x00000000d7200000)
  from space 2048K, 23% used [0x00000000d7200000,0x00000000d7279c20,0x00000000d7400000)
  to   space 3584K, 0% used [0x00000000d7c00000,0x00000000d7c00000,0x00000000d7f80000)
 ParOldGen       total 9728K, used 5211K [0x0000000083600000, 0x0000000083f80000, 0x00000000d6780000)
  object space 9728K, 53% used [0x0000000083600000,0x0000000083b16e90,0x0000000083f80000)
 Metaspace       used 7546K, capacity 8372K, committed 8704K, reserved 1056768K
  class space    used 895K, capacity 944K, committed 1024K, reserved 1048576K
}
Event: 1.461 GC heap before
{Heap before GC invocations=11 (full 1):
 PSYoungGen      total 12800K, used 11239K [0x00000000d6780000, 0x00000000d7f80000, 0x0000000100000000)
  eden space 10752K, 100% used [0x00000000d6780000,0x00000000d7200000,0x00000000d7200000)
  from space 2048K, 23% used [0x00000000d7200000,0x00000000d7279c20,0x00000000d7400000)
  to   space 3584K, 0% used [0x00000000d7c00000,0x00000000d7c00000,0x00000000d7f80000)
 ParOldGen       total 9728K, used 5211K [0x0000000083600000, 0x0000000083f80000, 0x00000000d6780000)
  object space 9728K, 53% used [0x0000000083600000,0x0000000083b16e90,0x0000000083f80000)
 Metaspace       used 7664K, capacity 8372K, committed 8704K, reserved 1056768K
  class space    used 905K, capacity 944K, committed 1024K, reserved 1048576K
Event: 1.470 GC heap after
Heap after GC invocations=11 (full 1):
 PSYoungGen      total 17920K, used 3553K [0x00000000d6780000, 0x00000000d8080000, 0x0000000100000000)
  eden space 14336K, 0% used [0x00000000d6780000,0x00000000d6780000,0x00000000d7580000)
  from space 3584K, 99% used [0x00000000d7c00000,0x00000000d7f785d8,0x00000000d7f80000)
  to   space 5632K, 0% used [0x00000000d7580000,0x00000000d7580000,0x00000000d7b00000)
 ParOldGen       total 9728K, used 9064K [0x0000000083600000, 0x0000000083f80000, 0x00000000d6780000)
  object space 9728K, 93% used [0x0000000083600000,0x0000000083eda1b0,0x0000000083f80000)
 Metaspace       used 7664K, capacity 8372K, committed 8704K, reserved 1056768K
  class space    used 905K, capacity 944K, committed 1024K, reserved 1048576K
}
Event: 1.470 GC heap before
{Heap before GC invocations=12 (full 2):
 PSYoungGen      total 17920K, used 3553K [0x00000000d6780000, 0x00000000d8080000, 0x0000000100000000)
  eden space 14336K, 0% used [0x00000000d6780000,0x00000000d6780000,0x00000000d7580000)
  from space 3584K, 99% used [0x00000000d7c00000,0x00000000d7f785d8,0x00000000d7f80000)
  to   space 5632K, 0% used [0x00000000d7580000,0x00000000d7580000,0x00000000d7b00000)
 ParOldGen       total 9728K, used 9064K [0x0000000083600000, 0x0000000083f80000, 0x00000000d6780000)
  object space 9728K, 93% used [0x0000000083600000,0x0000000083eda1b0,0x0000000083f80000)
 Metaspace       used 7664K, capacity 8372K, committed 8704K, reserved 1056768K
  class space    used 905K, capacity 944K, committed 1024K, reserved 1048576K

